-------------------------------------------------------------------------------
Test set: com.xcode.HouseRentalManagementserver.HouseRentalManagementServerApplicationTests
-------------------------------------------------------------------------------
Tests run: 1, Failures: 0, Errors: 1, Skipped: 0, Time elapsed: 5.5 s <<< FAILURE! - in com.xcode.HouseRentalManagementserver.HouseRentalManagementServerApplicationTests
contextLoads  Time elapsed: 0.002 s  <<< ERROR!
java.lang.IllegalStateException: Failed to load ApplicationContext
Caused by: org.springframework.beans.factory.BeanCreationException: Error creating bean with name 'houseRepository' defined in com.xcode.HouseRentalManagementserver.repository.HouseRepository defined in @EnableJpaRepositories declared on JpaRepositoriesRegistrar.EnableJpaRepositoriesConfiguration: Cannot resolve reference to bean 'jpaMappingContext' while setting bean property 'mappingContext'; nested exception is org.springframework.beans.factory.BeanCreationException: Error creating bean with name 'jpaMappingContext': Invocation of init method failed; nested exception is org.hibernate.AnnotationException: No identifier specified for entity: com.xcode.HouseRentalManagementserver.model.House
Caused by: org.springframework.beans.factory.BeanCreationException: Error creating bean with name 'jpaMappingContext': Invocation of init method failed; nested exception is org.hibernate.AnnotationException: No identifier specified for entity: com.xcode.HouseRentalManagementserver.model.House
Caused by: org.hibernate.AnnotationException: No identifier specified for entity: com.xcode.HouseRentalManagementserver.model.House

